INFO:root:debut du script d'extraction des rasters
WARNING:rasterio._env:CPLE_AppDefined in PROJ: proj_create_from_database: C:\Program Files\PostgreSQL\17\share\contrib\postgis-3.5\proj\proj.db contains DATABASE.LAYOUT.VERSION.MINOR = 2 whereas a number >= 5 is expected. It comes from another PROJ installation.
WARNING:rasterio._env:CPLE_AppDefined in The definition of projected CRS EPSG:2043 got from GeoTIFF keys is not the same as the one from the EPSG registry, which may cause issues during reprojection operations. Set GTIFF_SRS_SOURCE configuration option to EPSG to use official parameters (overriding the ones from GeoTIFF keys), or to GEOKEYS to use custom values from GeoTIFF keys and drop the EPSG code.
INFO:rasterio._env:GDAL signalled an error: err_no=1, msg='PROJ: proj_identify: C:\\Program Files\\PostgreSQL\\17\\share\\contrib\\postgis-3.5\\proj\\proj.db contains DATABASE.LAYOUT.VERSION.MINOR = 2 whereas a number >= 5 is expected. It comes from another PROJ installation.'
WARNING:rasterio._env:CPLE_AppDefined in PROJ: proj_create_from_database: C:\Program Files\PostgreSQL\17\share\contrib\postgis-3.5\proj\proj.db contains DATABASE.LAYOUT.VERSION.MINOR = 2 whereas a number >= 5 is expected. It comes from another PROJ installation.
WARNING:rasterio._env:CPLE_AppDefined in The definition of projected CRS EPSG:2043 got from GeoTIFF keys is not the same as the one from the EPSG registry, which may cause issues during reprojection operations. Set GTIFF_SRS_SOURCE configuration option to EPSG to use official parameters (overriding the ones from GeoTIFF keys), or to GEOKEYS to use custom values from GeoTIFF keys and drop the EPSG code.
WARNING:rasterio._env:CPLE_AppDefined in PROJ: proj_create_from_database: C:\Program Files\PostgreSQL\17\share\contrib\postgis-3.5\proj\proj.db contains DATABASE.LAYOUT.VERSION.MINOR = 2 whereas a number >= 5 is expected. It comes from another PROJ installation.
WARNING:rasterio._env:CPLE_AppDefined in The definition of projected CRS EPSG:2043 got from GeoTIFF keys is not the same as the one from the EPSG registry, which may cause issues during reprojection operations. Set GTIFF_SRS_SOURCE configuration option to EPSG to use official parameters (overriding the ones from GeoTIFF keys), or to GEOKEYS to use custom values from GeoTIFF keys and drop the EPSG code.
WARNING:rasterio._env:CPLE_AppDefined in PROJ: proj_create_from_database: C:\Program Files\PostgreSQL\17\share\contrib\postgis-3.5\proj\proj.db contains DATABASE.LAYOUT.VERSION.MINOR = 2 whereas a number >= 5 is expected. It comes from another PROJ installation.
WARNING:rasterio._env:CPLE_AppDefined in The definition of projected CRS EPSG:2043 got from GeoTIFF keys is not the same as the one from the EPSG registry, which may cause issues during reprojection operations. Set GTIFF_SRS_SOURCE configuration option to EPSG to use official parameters (overriding the ones from GeoTIFF keys), or to GEOKEYS to use custom values from GeoTIFF keys and drop the EPSG code.
INFO:rasterio._env:GDAL signalled an error: err_no=1, msg='Deleting Module 3\\data\\output\\mosaic.tif failed:\nPermission denied'
INFO:root:debut du script d'extraction des rasters
WARNING:rasterio._env:CPLE_AppDefined in PROJ: proj_create_from_database: C:\Program Files\PostgreSQL\17\share\contrib\postgis-3.5\proj\proj.db contains DATABASE.LAYOUT.VERSION.MINOR = 2 whereas a number >= 5 is expected. It comes from another PROJ installation.
WARNING:rasterio._env:CPLE_AppDefined in The definition of projected CRS EPSG:2043 got from GeoTIFF keys is not the same as the one from the EPSG registry, which may cause issues during reprojection operations. Set GTIFF_SRS_SOURCE configuration option to EPSG to use official parameters (overriding the ones from GeoTIFF keys), or to GEOKEYS to use custom values from GeoTIFF keys and drop the EPSG code.
INFO:rasterio._env:GDAL signalled an error: err_no=1, msg='PROJ: proj_identify: C:\\Program Files\\PostgreSQL\\17\\share\\contrib\\postgis-3.5\\proj\\proj.db contains DATABASE.LAYOUT.VERSION.MINOR = 2 whereas a number >= 5 is expected. It comes from another PROJ installation.'
WARNING:rasterio._env:CPLE_AppDefined in PROJ: proj_create_from_database: C:\Program Files\PostgreSQL\17\share\contrib\postgis-3.5\proj\proj.db contains DATABASE.LAYOUT.VERSION.MINOR = 2 whereas a number >= 5 is expected. It comes from another PROJ installation.
WARNING:rasterio._env:CPLE_AppDefined in The definition of projected CRS EPSG:2043 got from GeoTIFF keys is not the same as the one from the EPSG registry, which may cause issues during reprojection operations. Set GTIFF_SRS_SOURCE configuration option to EPSG to use official parameters (overriding the ones from GeoTIFF keys), or to GEOKEYS to use custom values from GeoTIFF keys and drop the EPSG code.
WARNING:rasterio._env:CPLE_AppDefined in PROJ: proj_create_from_database: C:\Program Files\PostgreSQL\17\share\contrib\postgis-3.5\proj\proj.db contains DATABASE.LAYOUT.VERSION.MINOR = 2 whereas a number >= 5 is expected. It comes from another PROJ installation.
WARNING:rasterio._env:CPLE_AppDefined in The definition of projected CRS EPSG:2043 got from GeoTIFF keys is not the same as the one from the EPSG registry, which may cause issues during reprojection operations. Set GTIFF_SRS_SOURCE configuration option to EPSG to use official parameters (overriding the ones from GeoTIFF keys), or to GEOKEYS to use custom values from GeoTIFF keys and drop the EPSG code.
WARNING:rasterio._env:CPLE_AppDefined in PROJ: proj_create_from_database: C:\Program Files\PostgreSQL\17\share\contrib\postgis-3.5\proj\proj.db contains DATABASE.LAYOUT.VERSION.MINOR = 2 whereas a number >= 5 is expected. It comes from another PROJ installation.
WARNING:rasterio._env:CPLE_AppDefined in The definition of projected CRS EPSG:2043 got from GeoTIFF keys is not the same as the one from the EPSG registry, which may cause issues during reprojection operations. Set GTIFF_SRS_SOURCE configuration option to EPSG to use official parameters (overriding the ones from GeoTIFF keys), or to GEOKEYS to use custom values from GeoTIFF keys and drop the EPSG code.
INFO:rasterio._env:GDAL signalled an error: err_no=1, msg='Deleting Module 3\\data\\output\\mosaic.tif failed:\nPermission denied'
INFO:root:debut du script d'extraction des rasters
WARNING:rasterio._env:CPLE_AppDefined in PROJ: proj_create_from_database: C:\Program Files\PostgreSQL\17\share\contrib\postgis-3.5\proj\proj.db contains DATABASE.LAYOUT.VERSION.MINOR = 2 whereas a number >= 5 is expected. It comes from another PROJ installation.
WARNING:rasterio._env:CPLE_AppDefined in The definition of projected CRS EPSG:2043 got from GeoTIFF keys is not the same as the one from the EPSG registry, which may cause issues during reprojection operations. Set GTIFF_SRS_SOURCE configuration option to EPSG to use official parameters (overriding the ones from GeoTIFF keys), or to GEOKEYS to use custom values from GeoTIFF keys and drop the EPSG code.
INFO:rasterio._env:GDAL signalled an error: err_no=1, msg='PROJ: proj_identify: C:\\Program Files\\PostgreSQL\\17\\share\\contrib\\postgis-3.5\\proj\\proj.db contains DATABASE.LAYOUT.VERSION.MINOR = 2 whereas a number >= 5 is expected. It comes from another PROJ installation.'
WARNING:rasterio._env:CPLE_AppDefined in PROJ: proj_create_from_database: C:\Program Files\PostgreSQL\17\share\contrib\postgis-3.5\proj\proj.db contains DATABASE.LAYOUT.VERSION.MINOR = 2 whereas a number >= 5 is expected. It comes from another PROJ installation.
WARNING:rasterio._env:CPLE_AppDefined in The definition of projected CRS EPSG:2043 got from GeoTIFF keys is not the same as the one from the EPSG registry, which may cause issues during reprojection operations. Set GTIFF_SRS_SOURCE configuration option to EPSG to use official parameters (overriding the ones from GeoTIFF keys), or to GEOKEYS to use custom values from GeoTIFF keys and drop the EPSG code.
WARNING:rasterio._env:CPLE_AppDefined in PROJ: proj_create_from_database: C:\Program Files\PostgreSQL\17\share\contrib\postgis-3.5\proj\proj.db contains DATABASE.LAYOUT.VERSION.MINOR = 2 whereas a number >= 5 is expected. It comes from another PROJ installation.
WARNING:rasterio._env:CPLE_AppDefined in The definition of projected CRS EPSG:2043 got from GeoTIFF keys is not the same as the one from the EPSG registry, which may cause issues during reprojection operations. Set GTIFF_SRS_SOURCE configuration option to EPSG to use official parameters (overriding the ones from GeoTIFF keys), or to GEOKEYS to use custom values from GeoTIFF keys and drop the EPSG code.
WARNING:rasterio._env:CPLE_AppDefined in PROJ: proj_create_from_database: C:\Program Files\PostgreSQL\17\share\contrib\postgis-3.5\proj\proj.db contains DATABASE.LAYOUT.VERSION.MINOR = 2 whereas a number >= 5 is expected. It comes from another PROJ installation.
WARNING:rasterio._env:CPLE_AppDefined in The definition of projected CRS EPSG:2043 got from GeoTIFF keys is not the same as the one from the EPSG registry, which may cause issues during reprojection operations. Set GTIFF_SRS_SOURCE configuration option to EPSG to use official parameters (overriding the ones from GeoTIFF keys), or to GEOKEYS to use custom values from GeoTIFF keys and drop the EPSG code.
INFO:rasterio._env:GDAL signalled an error: err_no=1, msg='Deleting Module 3\\data\\output\\mosaic.tif failed:\nPermission denied'
INFO:root:debut du script d'extraction des rasters
WARNING:rasterio._env:CPLE_AppDefined in PROJ: proj_create_from_database: C:\Program Files\PostgreSQL\17\share\contrib\postgis-3.5\proj\proj.db contains DATABASE.LAYOUT.VERSION.MINOR = 2 whereas a number >= 5 is expected. It comes from another PROJ installation.
WARNING:rasterio._env:CPLE_AppDefined in The definition of projected CRS EPSG:2043 got from GeoTIFF keys is not the same as the one from the EPSG registry, which may cause issues during reprojection operations. Set GTIFF_SRS_SOURCE configuration option to EPSG to use official parameters (overriding the ones from GeoTIFF keys), or to GEOKEYS to use custom values from GeoTIFF keys and drop the EPSG code.
INFO:rasterio._env:GDAL signalled an error: err_no=1, msg='PROJ: proj_identify: C:\\Program Files\\PostgreSQL\\17\\share\\contrib\\postgis-3.5\\proj\\proj.db contains DATABASE.LAYOUT.VERSION.MINOR = 2 whereas a number >= 5 is expected. It comes from another PROJ installation.'
WARNING:rasterio._env:CPLE_AppDefined in PROJ: proj_create_from_database: C:\Program Files\PostgreSQL\17\share\contrib\postgis-3.5\proj\proj.db contains DATABASE.LAYOUT.VERSION.MINOR = 2 whereas a number >= 5 is expected. It comes from another PROJ installation.
WARNING:rasterio._env:CPLE_AppDefined in The definition of projected CRS EPSG:2043 got from GeoTIFF keys is not the same as the one from the EPSG registry, which may cause issues during reprojection operations. Set GTIFF_SRS_SOURCE configuration option to EPSG to use official parameters (overriding the ones from GeoTIFF keys), or to GEOKEYS to use custom values from GeoTIFF keys and drop the EPSG code.
WARNING:rasterio._env:CPLE_AppDefined in PROJ: proj_create_from_database: C:\Program Files\PostgreSQL\17\share\contrib\postgis-3.5\proj\proj.db contains DATABASE.LAYOUT.VERSION.MINOR = 2 whereas a number >= 5 is expected. It comes from another PROJ installation.
WARNING:rasterio._env:CPLE_AppDefined in The definition of projected CRS EPSG:2043 got from GeoTIFF keys is not the same as the one from the EPSG registry, which may cause issues during reprojection operations. Set GTIFF_SRS_SOURCE configuration option to EPSG to use official parameters (overriding the ones from GeoTIFF keys), or to GEOKEYS to use custom values from GeoTIFF keys and drop the EPSG code.
WARNING:rasterio._env:CPLE_AppDefined in PROJ: proj_create_from_database: C:\Program Files\PostgreSQL\17\share\contrib\postgis-3.5\proj\proj.db contains DATABASE.LAYOUT.VERSION.MINOR = 2 whereas a number >= 5 is expected. It comes from another PROJ installation.
WARNING:rasterio._env:CPLE_AppDefined in The definition of projected CRS EPSG:2043 got from GeoTIFF keys is not the same as the one from the EPSG registry, which may cause issues during reprojection operations. Set GTIFF_SRS_SOURCE configuration option to EPSG to use official parameters (overriding the ones from GeoTIFF keys), or to GEOKEYS to use custom values from GeoTIFF keys and drop the EPSG code.
INFO:rasterio._env:GDAL signalled an error: err_no=1, msg='Deleting Module 3\\data\\output\\mosaic.tif failed:\nPermission denied'
INFO:root:debut du script d'extraction des rasters
WARNING:rasterio._env:CPLE_AppDefined in PROJ: proj_create_from_database: C:\Program Files\PostgreSQL\17\share\contrib\postgis-3.5\proj\proj.db contains DATABASE.LAYOUT.VERSION.MINOR = 2 whereas a number >= 5 is expected. It comes from another PROJ installation.
WARNING:rasterio._env:CPLE_AppDefined in The definition of projected CRS EPSG:2043 got from GeoTIFF keys is not the same as the one from the EPSG registry, which may cause issues during reprojection operations. Set GTIFF_SRS_SOURCE configuration option to EPSG to use official parameters (overriding the ones from GeoTIFF keys), or to GEOKEYS to use custom values from GeoTIFF keys and drop the EPSG code.
INFO:rasterio._env:GDAL signalled an error: err_no=1, msg='PROJ: proj_identify: C:\\Program Files\\PostgreSQL\\17\\share\\contrib\\postgis-3.5\\proj\\proj.db contains DATABASE.LAYOUT.VERSION.MINOR = 2 whereas a number >= 5 is expected. It comes from another PROJ installation.'
WARNING:rasterio._env:CPLE_AppDefined in PROJ: proj_create_from_database: C:\Program Files\PostgreSQL\17\share\contrib\postgis-3.5\proj\proj.db contains DATABASE.LAYOUT.VERSION.MINOR = 2 whereas a number >= 5 is expected. It comes from another PROJ installation.
WARNING:rasterio._env:CPLE_AppDefined in The definition of projected CRS EPSG:2043 got from GeoTIFF keys is not the same as the one from the EPSG registry, which may cause issues during reprojection operations. Set GTIFF_SRS_SOURCE configuration option to EPSG to use official parameters (overriding the ones from GeoTIFF keys), or to GEOKEYS to use custom values from GeoTIFF keys and drop the EPSG code.
WARNING:rasterio._env:CPLE_AppDefined in PROJ: proj_create_from_database: C:\Program Files\PostgreSQL\17\share\contrib\postgis-3.5\proj\proj.db contains DATABASE.LAYOUT.VERSION.MINOR = 2 whereas a number >= 5 is expected. It comes from another PROJ installation.
WARNING:rasterio._env:CPLE_AppDefined in The definition of projected CRS EPSG:2043 got from GeoTIFF keys is not the same as the one from the EPSG registry, which may cause issues during reprojection operations. Set GTIFF_SRS_SOURCE configuration option to EPSG to use official parameters (overriding the ones from GeoTIFF keys), or to GEOKEYS to use custom values from GeoTIFF keys and drop the EPSG code.
WARNING:rasterio._env:CPLE_AppDefined in PROJ: proj_create_from_database: C:\Program Files\PostgreSQL\17\share\contrib\postgis-3.5\proj\proj.db contains DATABASE.LAYOUT.VERSION.MINOR = 2 whereas a number >= 5 is expected. It comes from another PROJ installation.
WARNING:rasterio._env:CPLE_AppDefined in The definition of projected CRS EPSG:2043 got from GeoTIFF keys is not the same as the one from the EPSG registry, which may cause issues during reprojection operations. Set GTIFF_SRS_SOURCE configuration option to EPSG to use official parameters (overriding the ones from GeoTIFF keys), or to GEOKEYS to use custom values from GeoTIFF keys and drop the EPSG code.
INFO:rasterio._env:GDAL signalled an error: err_no=1, msg='Deleting Module 3\\data\\output\\mosaic.tif failed:\nPermission denied'
INFO:root:debut du script d'extraction des rasters
WARNING:rasterio._env:CPLE_AppDefined in PROJ: proj_create_from_database: C:\Program Files\PostgreSQL\17\share\contrib\postgis-3.5\proj\proj.db contains DATABASE.LAYOUT.VERSION.MINOR = 2 whereas a number >= 5 is expected. It comes from another PROJ installation.
WARNING:rasterio._env:CPLE_AppDefined in The definition of projected CRS EPSG:2043 got from GeoTIFF keys is not the same as the one from the EPSG registry, which may cause issues during reprojection operations. Set GTIFF_SRS_SOURCE configuration option to EPSG to use official parameters (overriding the ones from GeoTIFF keys), or to GEOKEYS to use custom values from GeoTIFF keys and drop the EPSG code.
INFO:rasterio._env:GDAL signalled an error: err_no=1, msg='PROJ: proj_identify: C:\\Program Files\\PostgreSQL\\17\\share\\contrib\\postgis-3.5\\proj\\proj.db contains DATABASE.LAYOUT.VERSION.MINOR = 2 whereas a number >= 5 is expected. It comes from another PROJ installation.'
WARNING:rasterio._env:CPLE_AppDefined in PROJ: proj_create_from_database: C:\Program Files\PostgreSQL\17\share\contrib\postgis-3.5\proj\proj.db contains DATABASE.LAYOUT.VERSION.MINOR = 2 whereas a number >= 5 is expected. It comes from another PROJ installation.
WARNING:rasterio._env:CPLE_AppDefined in The definition of projected CRS EPSG:2043 got from GeoTIFF keys is not the same as the one from the EPSG registry, which may cause issues during reprojection operations. Set GTIFF_SRS_SOURCE configuration option to EPSG to use official parameters (overriding the ones from GeoTIFF keys), or to GEOKEYS to use custom values from GeoTIFF keys and drop the EPSG code.
WARNING:rasterio._env:CPLE_AppDefined in PROJ: proj_create_from_database: C:\Program Files\PostgreSQL\17\share\contrib\postgis-3.5\proj\proj.db contains DATABASE.LAYOUT.VERSION.MINOR = 2 whereas a number >= 5 is expected. It comes from another PROJ installation.
WARNING:rasterio._env:CPLE_AppDefined in The definition of projected CRS EPSG:2043 got from GeoTIFF keys is not the same as the one from the EPSG registry, which may cause issues during reprojection operations. Set GTIFF_SRS_SOURCE configuration option to EPSG to use official parameters (overriding the ones from GeoTIFF keys), or to GEOKEYS to use custom values from GeoTIFF keys and drop the EPSG code.
WARNING:rasterio._env:CPLE_AppDefined in PROJ: proj_create_from_database: C:\Program Files\PostgreSQL\17\share\contrib\postgis-3.5\proj\proj.db contains DATABASE.LAYOUT.VERSION.MINOR = 2 whereas a number >= 5 is expected. It comes from another PROJ installation.
WARNING:rasterio._env:CPLE_AppDefined in The definition of projected CRS EPSG:2043 got from GeoTIFF keys is not the same as the one from the EPSG registry, which may cause issues during reprojection operations. Set GTIFF_SRS_SOURCE configuration option to EPSG to use official parameters (overriding the ones from GeoTIFF keys), or to GEOKEYS to use custom values from GeoTIFF keys and drop the EPSG code.
INFO:rasterio._env:GDAL signalled an error: err_no=1, msg='Deleting Module 3\\data\\output\\mosaic.tif failed:\nPermission denied'
INFO:root:debut du script d'extraction des rasters
WARNING:rasterio._env:CPLE_AppDefined in PROJ: proj_create_from_database: C:\Program Files\PostgreSQL\17\share\contrib\postgis-3.5\proj\proj.db contains DATABASE.LAYOUT.VERSION.MINOR = 2 whereas a number >= 5 is expected. It comes from another PROJ installation.
WARNING:rasterio._env:CPLE_AppDefined in The definition of projected CRS EPSG:2043 got from GeoTIFF keys is not the same as the one from the EPSG registry, which may cause issues during reprojection operations. Set GTIFF_SRS_SOURCE configuration option to EPSG to use official parameters (overriding the ones from GeoTIFF keys), or to GEOKEYS to use custom values from GeoTIFF keys and drop the EPSG code.
INFO:rasterio._env:GDAL signalled an error: err_no=1, msg='PROJ: proj_identify: C:\\Program Files\\PostgreSQL\\17\\share\\contrib\\postgis-3.5\\proj\\proj.db contains DATABASE.LAYOUT.VERSION.MINOR = 2 whereas a number >= 5 is expected. It comes from another PROJ installation.'
WARNING:rasterio._env:CPLE_AppDefined in PROJ: proj_create_from_database: C:\Program Files\PostgreSQL\17\share\contrib\postgis-3.5\proj\proj.db contains DATABASE.LAYOUT.VERSION.MINOR = 2 whereas a number >= 5 is expected. It comes from another PROJ installation.
WARNING:rasterio._env:CPLE_AppDefined in The definition of projected CRS EPSG:2043 got from GeoTIFF keys is not the same as the one from the EPSG registry, which may cause issues during reprojection operations. Set GTIFF_SRS_SOURCE configuration option to EPSG to use official parameters (overriding the ones from GeoTIFF keys), or to GEOKEYS to use custom values from GeoTIFF keys and drop the EPSG code.
WARNING:rasterio._env:CPLE_AppDefined in PROJ: proj_create_from_database: C:\Program Files\PostgreSQL\17\share\contrib\postgis-3.5\proj\proj.db contains DATABASE.LAYOUT.VERSION.MINOR = 2 whereas a number >= 5 is expected. It comes from another PROJ installation.
WARNING:rasterio._env:CPLE_AppDefined in The definition of projected CRS EPSG:2043 got from GeoTIFF keys is not the same as the one from the EPSG registry, which may cause issues during reprojection operations. Set GTIFF_SRS_SOURCE configuration option to EPSG to use official parameters (overriding the ones from GeoTIFF keys), or to GEOKEYS to use custom values from GeoTIFF keys and drop the EPSG code.
WARNING:rasterio._env:CPLE_AppDefined in PROJ: proj_create_from_database: C:\Program Files\PostgreSQL\17\share\contrib\postgis-3.5\proj\proj.db contains DATABASE.LAYOUT.VERSION.MINOR = 2 whereas a number >= 5 is expected. It comes from another PROJ installation.
WARNING:rasterio._env:CPLE_AppDefined in The definition of projected CRS EPSG:2043 got from GeoTIFF keys is not the same as the one from the EPSG registry, which may cause issues during reprojection operations. Set GTIFF_SRS_SOURCE configuration option to EPSG to use official parameters (overriding the ones from GeoTIFF keys), or to GEOKEYS to use custom values from GeoTIFF keys and drop the EPSG code.
WARNING:rasterio._env:CPLE_AppDefined in PROJ: proj_create_from_database: C:\Program Files\PostgreSQL\17\share\contrib\postgis-3.5\proj\proj.db contains DATABASE.LAYOUT.VERSION.MINOR = 2 whereas a number >= 5 is expected. It comes from another PROJ installation.
INFO:rasterio._err:GDAL signalled an error: err_no=1, msg='PROJ: proj_create_from_name: C:\\Program Files\\PostgreSQL\\17\\share\\contrib\\postgis-3.5\\proj\\proj.db contains DATABASE.LAYOUT.VERSION.MINOR = 2 whereas a number >= 5 is expected. It comes from another PROJ installation.'
INFO:root:fin du script d'extraction des valeurs du raster
